<?xml version="1.0" encoding="UTF-8"?>
<testsuite name="com.software.testingjava.module07_async.AsyncOrderNotifierTest" tests="2" skipped="0" failures="1" errors="0" timestamp="2026-04-13T08:10:54.119Z" hostname="OLX-M2WQD1906X" time="0.021">
  <properties/>
  <testcase name="shouldDemonstrateFlakyTimingBasedAsyncTest()" classname="com.software.testingjava.module07_async.AsyncOrderNotifierTest" time="0.017">
    <failure message="org.opentest4j.AssertionFailedError: expected: &lt;true&gt; but was: &lt;false&gt;" type="org.opentest4j.AssertionFailedError">org.opentest4j.AssertionFailedError: expected: &lt;true&gt; but was: &lt;false&gt;
	at org.junit.jupiter.api.AssertionFailureBuilder.build(AssertionFailureBuilder.java:151)
	at org.junit.jupiter.api.AssertionFailureBuilder.buildAndThrow(AssertionFailureBuilder.java:132)
	at org.junit.jupiter.api.AssertTrue.failNotTrue(AssertTrue.java:63)
	at org.junit.jupiter.api.AssertTrue.assertTrue(AssertTrue.java:36)
	at org.junit.jupiter.api.AssertTrue.assertTrue(AssertTrue.java:31)
	at org.junit.jupiter.api.Assertions.assertTrue(Assertions.java:183)
	at com.software.testingjava.module07_async.AsyncOrderNotifierTest.shouldDemonstrateFlakyTimingBasedAsyncTest(AsyncOrderNotifierTest.java:33)
	at java.base/java.lang.reflect.Method.invoke(Method.java:569)
	at java.base/java.util.ArrayList.forEach(ArrayList.java:1511)
	at java.base/java.util.ArrayList.forEach(ArrayList.java:1511)
</failure>
  </testcase>
  <testcase name="shouldSendConfirmationDeterministicallyWithDirectExecutor()" classname="com.software.testingjava.module07_async.AsyncOrderNotifierTest" time="0.001"/>
  <system-out><![CDATA[]]></system-out>
  <system-err><![CDATA[]]></system-err>
</testsuite>
