<?xml version="1.0" encoding="UTF-8"?>
<testsuite name="com.software.testingjava.module04_mockito.Demo07_MockitoAntiPatternTest" tests="1" skipped="0" failures="0" errors="0" timestamp="2026-04-13T08:10:54.455Z" hostname="OLX-M2WQD1906X" time="0.027">
  <properties/>
  <testcase name="demo_mockingValueObjectsIsBrittle()" classname="com.software.testingjava.module04_mockito.Demo07_MockitoAntiPatternTest" time="0.026"/>
  <system-out><![CDATA[]]></system-out>
  <system-err><![CDATA[]]></system-err>
</testsuite>
