<?xml version="1.0" encoding="UTF-8"?>
<testsuite name="com.software.testingjava.module03_test_doubles.Demo08_StateWithFakeTest" tests="1" skipped="0" failures="0" errors="0" timestamp="2026-04-13T08:10:54.150Z" hostname="OLX-M2WQD1906X" time="0.0">
  <properties/>
  <testcase name="demo_fakeStateVerification()" classname="com.software.testingjava.module03_test_doubles.Demo08_StateWithFakeTest" time="0.0"/>
  <system-out><![CDATA[]]></system-out>
  <system-err><![CDATA[]]></system-err>
</testsuite>
