<?xml version="1.0" encoding="UTF-8"?>
<testsuite name="com.software.testingjava.module08_refactoring.Demo18_CharacterizationTest" tests="1" skipped="0" failures="0" errors="0" timestamp="2026-04-13T08:10:55.081Z" hostname="OLX-M2WQD1906X" time="0.001">
  <properties/>
  <testcase name="characterization_shouldThrowBecauseOfHiddenStaticDatabase()" classname="com.software.testingjava.module08_refactoring.Demo18_CharacterizationTest" time="0.001"/>
  <system-out><![CDATA[]]></system-out>
  <system-err><![CDATA[]]></system-err>
</testsuite>
