<?xml version="1.0" encoding="UTF-8"?>
<testsuite name="com.software.testingjava.module01_basics.WeakAssertionsExerciseTest" tests="2" skipped="0" failures="0" errors="0" timestamp="2026-04-13T08:10:54.143Z" hostname="OLX-M2WQD1906X" time="0.0">
  <properties/>
  <testcase name="testNegativeQuantity()" classname="com.software.testingjava.module01_basics.WeakAssertionsExerciseTest" time="0.0"/>
  <testcase name="testPremiumDiscount()" classname="com.software.testingjava.module01_basics.WeakAssertionsExerciseTest" time="0.0"/>
  <system-out><![CDATA[]]></system-out>
  <system-err><![CDATA[]]></system-err>
</testsuite>
