<?xml version="1.0" encoding="UTF-8"?>
<testsuite name="com.software.testingjava.module04_mockito.OrderServiceMockitoTest" tests="2" skipped="0" failures="0" errors="0" timestamp="2026-04-13T08:10:54.483Z" hostname="OLX-M2WQD1906X" time="0.027">
  <properties/>
  <testcase name="shouldFailFastWhenInventoryIsUnavailable()" classname="com.software.testingjava.module04_mockito.OrderServiceMockitoTest" time="0.025"/>
  <testcase name="shouldPlaceOrderWhenDependenciesReportSuccess()" classname="com.software.testingjava.module04_mockito.OrderServiceMockitoTest" time="0.002"/>
  <system-out><![CDATA[]]></system-out>
  <system-err><![CDATA[]]></system-err>
</testsuite>
