<?xml version="1.0" encoding="UTF-8"?>
<testsuite name="com.software.testingjava.module01_basics.Demo16_BoundaryTest" tests="2" skipped="0" failures="0" errors="0" timestamp="2026-04-13T08:10:54.141Z" hostname="OLX-M2WQD1906X" time="0.001">
  <properties/>
  <testcase name="shouldNotApplyDiscountRightOnTheBoundary()" classname="com.software.testingjava.module01_basics.Demo16_BoundaryTest" time="0.0"/>
  <testcase name="shouldApplyDiscountJustAboveTheBoundary()" classname="com.software.testingjava.module01_basics.Demo16_BoundaryTest" time="0.0"/>
  <system-out><![CDATA[]]></system-out>
  <system-err><![CDATA[]]></system-err>
</testsuite>
